{"name": "test_add_to_cart_failure_screenshot", "status": "failed", "statusDetails": {"message": "AssertionError: INTENTIONAL FAILURE → triggers screenshot\nassert 1 == 2\n +  where 1 = get_cart_item_count()\n +    where get_cart_item_count = <pages.inventory_page.InventoryPage object at 0x00000211E28D9CD0>.get_cart_item_count", "trace": "driver = <selenium.webdriver.chrome.webdriver.WebDriver (session=\"2405606626970ca962c30f51aa572e6f\")>, base_url = 'https://www.saucedemo.com/', credentials = {'password': 'secret_sauce', 'user_name': 'standard_user'}\n\n    def test_add_to_cart_failure_screenshot(driver, base_url, credentials):\n            inventory_page, _ = login_and_get_pages(driver, base_url, credentials)\n            assert inventory_page.get_cart_item_count() == 0\n            inventory_page.add_to_cart_backpack()\n>           assert inventory_page.get_cart_item_count() == 2, \"INTENTIONAL FAILURE → triggers screenshot\"\nE           AssertionError: INTENTIONAL FAILURE → triggers screenshot\nE           assert 1 == 2\nE            +  where 1 = get_cart_item_count()\nE            +    where get_cart_item_count = <pages.inventory_page.InventoryPage object at 0x00000211E28D9CD0>.get_cart_item_count\n\ntests\\test_saucedemo.py:46: AssertionError"}, "start": 1766123688200, "stop": 1766123699290, "uuid": "00de1d73-3294-4914-bc6c-bc293e349387", "historyId": "c6637ab9d698fa545a0eb1b47d085a6c", "testCaseId": "c6637ab9d698fa545a0eb1b47d085a6c", "fullName": "tests.test_saucedemo#test_add_to_cart_failure_screenshot", "labels": [{"name": "parentSuite", "value": "tests"}, {"name": "suite", "value": "test_saucedemo"}, {"name": "host", "value": "Alex"}, {"name": "thread", "value": "26524-MainThread"}, {"name": "framework", "value": "pytest"}, {"name": "language", "value": "cpython3"}, {"name": "package", "value": "tests.test_saucedemo"}]}